This file contains any messages produced by compilers while
running configure, to aid debugging if configure makes a mistake.

It was created by configure, which was
generated by GNU Autoconf 2.58.  Invocation command line was

  $ ./configure 

## --------- ##
## Platform. ##
## --------- ##

hostname = epokh-laptop
uname -m = i686
uname -r = 2.6.27-14-generic
uname -s = Linux
uname -v = #1 SMP Fri Jul 24 22:19:33 UTC 2009

/usr/bin/uname -p = unknown
/bin/uname -X     = unknown

/bin/arch              = unknown
/usr/bin/arch -k       = unknown
/usr/convex/getsysinfo = unknown
hostinfo               = unknown
/bin/machine           = unknown
/usr/bin/oslevel       = unknown
/bin/universe          = unknown

PATH: /usr/local/sbin
PATH: /usr/local/bin
PATH: /usr/sbin
PATH: /usr/bin
PATH: /sbin
PATH: /bin
PATH: /usr/games


## ----------- ##
## Core tests. ##
## ----------- ##

configure:1317: checking build system type
configure:1335: result: i686-pc-linux
configure:1343: checking host system type
configure:1357: result: i686-pc-linux
configure:1365: checking target system type
configure:1379: result: i686-pc-linux
configure:1408: checking for a BSD-compatible install
configure:1463: result: /usr/bin/install -c
configure:1474: checking whether build environment is sane
configure:1517: result: yes
configure:1550: checking for gawk
configure:1579: result: no
configure:1550: checking for mawk
configure:1566: found /usr/bin/mawk
configure:1576: result: mawk
configure:1586: checking whether make sets $(MAKE)
configure:1606: result: yes
configure:1818: checking for gcc
configure:1834: found /usr/bin/gcc
configure:1844: result: gcc
configure:2088: checking for C compiler version
configure:2091: gcc --version </dev/null >&5
gcc (Ubuntu 4.3.2-1ubuntu12) 4.3.2
Copyright (C) 2008 Free Software Foundation, Inc.
This is free software; see the source for copying conditions.  There is NO
warranty; not even for MERCHANTABILITY or FITNESS FOR A PARTICULAR PURPOSE.

configure:2094: $? = 0
configure:2096: gcc -v </dev/null >&5
Using built-in specs.
Target: i486-linux-gnu
Configured with: ../src/configure -v --with-pkgversion='Ubuntu 4.3.2-1ubuntu12' --with-bugurl=file:///usr/share/doc/gcc-4.3/README.Bugs --enable-languages=c,c++,fortran,objc,obj-c++ --prefix=/usr --enable-shared --with-system-zlib --libexecdir=/usr/lib --without-included-gettext --enable-threads=posix --enable-nls --with-gxx-include-dir=/usr/include/c++/4.3 --program-suffix=-4.3 --enable-clocale=gnu --enable-libstdcxx-debug --enable-objc-gc --enable-mpfr --enable-targets=all --enable-checking=release --build=i486-linux-gnu --host=i486-linux-gnu --target=i486-linux-gnu
Thread model: posix
gcc version 4.3.2 (Ubuntu 4.3.2-1ubuntu12) 
configure:2099: $? = 0
configure:2101: gcc -V </dev/null >&5
gcc: '-V' option must have argument
configure:2104: $? = 1
configure:2127: checking for C compiler default output file name
configure:2130: gcc    conftest.c  >&5
configure:2133: $? = 0
configure:2179: result: a.out
configure:2184: checking whether the C compiler works
configure:2190: ./a.out
configure:2193: $? = 0
configure:2210: result: yes
configure:2217: checking whether we are cross compiling
configure:2219: result: no
configure:2222: checking for suffix of executables
configure:2224: gcc -o conftest    conftest.c  >&5
configure:2227: $? = 0
configure:2252: result: 
configure:2258: checking for suffix of object files
configure:2279: gcc -c   conftest.c >&5
configure:2282: $? = 0
configure:2304: result: o
configure:2308: checking whether we are using the GNU C compiler
configure:2332: gcc -c   conftest.c >&5
configure:2338: $? = 0
configure:2341: test -z 			 || test ! -s conftest.err
configure:2344: $? = 0
configure:2347: test -s conftest.o
configure:2350: $? = 0
configure:2363: result: yes
configure:2369: checking whether gcc accepts -g
configure:2390: gcc -c -g  conftest.c >&5
configure:2396: $? = 0
configure:2399: test -z 			 || test ! -s conftest.err
configure:2402: $? = 0
configure:2405: test -s conftest.o
configure:2408: $? = 0
configure:2419: result: yes
configure:2436: checking for gcc option to accept ANSI C
configure:2506: gcc  -c -g -O2  conftest.c >&5
configure:2512: $? = 0
configure:2515: test -z 			 || test ! -s conftest.err
configure:2518: $? = 0
configure:2521: test -s conftest.o
configure:2524: $? = 0
configure:2542: result: none needed
configure:2560: gcc -c -g -O2  conftest.c >&5
conftest.c:2: error: expected '=', ',', ';', 'asm' or '__attribute__' before 'me'
configure:2566: $? = 1
configure: failed program was:
| #ifndef __cplusplus
|   choke me
| #endif
configure:2707: checking for style of include used by make
configure:2735: result: GNU
configure:2763: checking dependency style of gcc
configure:2846: result: none
configure:2866: checking for an ANSI C-conforming const
configure:2933: gcc -c -g -O2  conftest.c >&5
configure:2939: $? = 0
configure:2942: test -z 			 || test ! -s conftest.err
configure:2945: $? = 0
configure:2948: test -s conftest.o
configure:2951: $? = 0
configure:2962: result: yes
configure:2999: checking how to run the C preprocessor
configure:3034: gcc -E  conftest.c
configure:3040: $? = 0
configure:3072: gcc -E  conftest.c
conftest.c:11:28: error: ac_nonexistent.h: No such file or directory
configure:3078: $? = 1
configure: failed program was:
| /* confdefs.h.  */
| 
| #define PACKAGE_NAME ""
| #define PACKAGE_TARNAME ""
| #define PACKAGE_VERSION ""
| #define PACKAGE_STRING ""
| #define PACKAGE_BUGREPORT ""
| #define PACKAGE "physioStim"
| #define VERSION "1.2.3"
| /* end confdefs.h.  */
| #include <ac_nonexistent.h>
configure:3117: result: gcc -E
configure:3141: gcc -E  conftest.c
configure:3147: $? = 0
configure:3179: gcc -E  conftest.c
conftest.c:11:28: error: ac_nonexistent.h: No such file or directory
configure:3185: $? = 1
configure: failed program was:
| /* confdefs.h.  */
| 
| #define PACKAGE_NAME ""
| #define PACKAGE_TARNAME ""
| #define PACKAGE_VERSION ""
| #define PACKAGE_STRING ""
| #define PACKAGE_BUGREPORT ""
| #define PACKAGE "physioStim"
| #define VERSION "1.2.3"
| /* end confdefs.h.  */
| #include <ac_nonexistent.h>
configure:3229: checking for X
configure:3334: gcc -E  conftest.c
configure:3340: $? = 0
configure:3390: gcc -o conftest -g -O2   conftest.c -lXt  >&5
configure:3396: $? = 0
configure:3399: test -z 			 || test ! -s conftest.err
configure:3402: $? = 0
configure:3405: test -s conftest
configure:3408: $? = 0
configure:3458: result: libraries , headers 
configure:3628: gcc -o conftest -g -O2   conftest.c   -lX11 >&5
configure:3634: $? = 0
configure:3637: test -z 			 || test ! -s conftest.err
configure:3640: $? = 0
configure:3643: test -s conftest
configure:3646: $? = 0
configure:3802: checking for gethostbyname
configure:3859: gcc -o conftest -g -O2   conftest.c  >&5
configure:3865: $? = 0
configure:3868: test -z 			 || test ! -s conftest.err
configure:3871: $? = 0
configure:3874: test -s conftest
configure:3877: $? = 0
configure:3889: result: yes
configure:4038: checking for connect
configure:4095: gcc -o conftest -g -O2   conftest.c  >&5
configure:4101: $? = 0
configure:4104: test -z 			 || test ! -s conftest.err
configure:4107: $? = 0
configure:4110: test -s conftest
configure:4113: $? = 0
configure:4125: result: yes
configure:4199: checking for remove
configure:4256: gcc -o conftest -g -O2   conftest.c  >&5
configure:4262: $? = 0
configure:4265: test -z 			 || test ! -s conftest.err
configure:4268: $? = 0
configure:4271: test -s conftest
configure:4274: $? = 0
configure:4286: result: yes
configure:4360: checking for shmat
configure:4417: gcc -o conftest -g -O2   conftest.c  >&5
configure:4423: $? = 0
configure:4426: test -z 			 || test ! -s conftest.err
configure:4429: $? = 0
configure:4432: test -s conftest
configure:4435: $? = 0
configure:4447: result: yes
configure:4530: checking for IceConnectionNumber in -lICE
configure:4560: gcc -o conftest -g -O2   conftest.c -lICE   >&5
configure:4566: $? = 0
configure:4569: test -z 			 || test ! -s conftest.err
configure:4572: $? = 0
configure:4575: test -s conftest
configure:4578: $? = 0
configure:4591: result: yes
configure:4653: checking for sdl-config
configure:4671: found /usr/bin/sdl-config
configure:4684: result: /usr/bin/sdl-config
configure:4692: checking for SDL - version >= 1.2.3
configure:4782: gcc -o conftest -g -O2  -I/usr/include/SDL -D_GNU_SOURCE=1 -D_REENTRANT   conftest.c  -L/usr/lib -lSDL >&5
configure:4785: $? = 0
configure:4787: ./conftest
configure:4790: $? = 0
configure:4808: result: yes
configure:4908: checking for OpenGL support
configure:4930: gcc -c -g -O2  -I/usr/include/SDL -D_GNU_SOURCE=1 -D_REENTRANT  conftest.c >&5
configure:4936: $? = 0
configure:4939: test -z 			 || test ! -s conftest.err
configure:4942: $? = 0
configure:4945: test -s conftest.o
configure:4948: $? = 0
configure:4959: result: yes
configure:5111: creating ./config.status

## ---------------------- ##
## Running config.status. ##
## ---------------------- ##

This file was extended by config.status, which was
generated by GNU Autoconf 2.58.  Invocation command line was

  CONFIG_FILES    = 
  CONFIG_HEADERS  = 
  CONFIG_LINKS    = 
  CONFIG_COMMANDS = 
  $ ./config.status 

on epokh-laptop

config.status:737: creating Makefile
config.status:882: executing depfiles commands

## ---------------- ##
## Cache variables. ##
## ---------------- ##

ac_cv_build=i686-pc-linux
ac_cv_build_alias=i686-pc-linux
ac_cv_c_compiler_gnu=yes
ac_cv_c_const=yes
ac_cv_env_CC_set=
ac_cv_env_CC_value=
ac_cv_env_CFLAGS_set=
ac_cv_env_CFLAGS_value=
ac_cv_env_CPPFLAGS_set=
ac_cv_env_CPPFLAGS_value=
ac_cv_env_CPP_set=
ac_cv_env_CPP_value=
ac_cv_env_LDFLAGS_set=
ac_cv_env_LDFLAGS_value=
ac_cv_env_build_alias_set=
ac_cv_env_build_alias_value=
ac_cv_env_host_alias_set=
ac_cv_env_host_alias_value=
ac_cv_env_target_alias_set=
ac_cv_env_target_alias_value=
ac_cv_exeext=
ac_cv_func_connect=yes
ac_cv_func_gethostbyname=yes
ac_cv_func_remove=yes
ac_cv_func_shmat=yes
ac_cv_have_x='have_x=yes 		ac_x_includes= ac_x_libraries='
ac_cv_host=i686-pc-linux
ac_cv_host_alias=i686-pc-linux
ac_cv_lib_ICE_IceConnectionNumber=yes
ac_cv_objext=o
ac_cv_path_SDL_CONFIG=/usr/bin/sdl-config
ac_cv_path_install='/usr/bin/install -c'
ac_cv_prog_AWK=mawk
ac_cv_prog_CPP='gcc -E'
ac_cv_prog_ac_ct_CC=gcc
ac_cv_prog_cc_g=yes
ac_cv_prog_cc_stdc=
ac_cv_prog_make_make_set=yes
ac_cv_target=i686-pc-linux
ac_cv_target_alias=i686-pc-linux
am_cv_CC_dependencies_compiler_type=none

## ----------------- ##
## Output variables. ##
## ----------------- ##

ACLOCAL='${SHELL} /home/epokh/physio/physio_stim-0.52/missing --run aclocal-1.7'
AMDEPBACKSLASH='\'
AMDEP_FALSE='#'
AMDEP_TRUE=''
AMTAR='${SHELL} /home/epokh/physio/physio_stim-0.52/missing --run tar'
AUTOCONF='${SHELL} /home/epokh/physio/physio_stim-0.52/missing --run autoconf'
AUTOHEADER='${SHELL} /home/epokh/physio/physio_stim-0.52/missing --run autoheader'
AUTOMAKE='${SHELL} /home/epokh/physio/physio_stim-0.52/missing --run automake-1.7'
AWK='mawk'
CC='gcc'
CCDEPMODE='depmode=none'
CFLAGS='-g -O2  -I/usr/include/SDL -D_GNU_SOURCE=1 -D_REENTRANT -DHAVE_OPENGL'
CPP='gcc -E'
CPPFLAGS=''
CYGPATH_W='echo'
DEFS='-DPACKAGE_NAME=\"\" -DPACKAGE_TARNAME=\"\" -DPACKAGE_VERSION=\"\" -DPACKAGE_STRING=\"\" -DPACKAGE_BUGREPORT=\"\" -DPACKAGE=\"physioStim\" -DVERSION=\"1.2.3\" '
DEPDIR='.deps'
ECHO_C=''
ECHO_N='-n'
ECHO_T=''
EXEEXT=''
GL_LIBS=' -lGL'
INSTALL_DATA='${INSTALL} -m 644'
INSTALL_PROGRAM='${INSTALL}'
INSTALL_SCRIPT='${INSTALL}'
INSTALL_STRIP_PROGRAM='${SHELL} $(install_sh) -c -s'
LDFLAGS=''
LIBOBJS=''
LIBS=' -L/usr/lib -lSDL'
LTLIBOBJS=''
MAKEINFO='${SHELL} /home/epokh/physio/physio_stim-0.52/missing --run makeinfo'
MATHLIB='-lm'
OBJEXT='o'
PACKAGE='physioStim'
PACKAGE_BUGREPORT=''
PACKAGE_NAME=''
PACKAGE_STRING=''
PACKAGE_TARNAME=''
PACKAGE_VERSION=''
PATH_SEPARATOR=':'
SDL_CFLAGS='-I/usr/include/SDL -D_GNU_SOURCE=1 -D_REENTRANT'
SDL_CONFIG='/usr/bin/sdl-config'
SDL_LIBS='-L/usr/lib -lSDL'
SET_MAKE=''
SHELL='/bin/bash'
STRIP=''
VERSION='1.2.3'
X_CFLAGS=''
X_EXTRA_LIBS=''
X_LIBS=''
X_PRE_LIBS=' -lSM -lICE'
ac_ct_CC='gcc'
ac_ct_STRIP=''
am__fastdepCC_FALSE=''
am__fastdepCC_TRUE='#'
am__include='include'
am__leading_dot='.'
am__quote=''
bindir='${exec_prefix}/bin'
build='i686-pc-linux'
build_alias=''
build_cpu='i686'
build_os='linux'
build_vendor='pc'
datadir='${prefix}/share'
exec_prefix='${prefix}'
host='i686-pc-linux'
host_alias=''
host_cpu='i686'
host_os='linux'
host_vendor='pc'
includedir='${prefix}/include'
infodir='${prefix}/info'
install_sh='/home/epokh/physio/physio_stim-0.52/install-sh'
libdir='${exec_prefix}/lib'
libexecdir='${exec_prefix}/libexec'
localstatedir='${prefix}/var'
mandir='${prefix}/man'
oldincludedir='/usr/include'
prefix='/usr/local'
program_transform_name='s,x,x,'
sbindir='${exec_prefix}/sbin'
sharedstatedir='${prefix}/com'
sysconfdir='${prefix}/etc'
target='i686-pc-linux'
target_alias=''
target_cpu='i686'
target_os='linux'
target_vendor='pc'

## ----------- ##
## confdefs.h. ##
## ----------- ##

#define PACKAGE "physioStim"
#define PACKAGE_BUGREPORT ""
#define PACKAGE_NAME ""
#define PACKAGE_STRING ""
#define PACKAGE_TARNAME ""
#define PACKAGE_VERSION ""
#define VERSION "1.2.3"

configure: exit 0
